Command line
python /usr/local/bin/chemprop_train --data_path ./deepchem/datasets/delaney-processed.csv --dataset_type classification --save_dir delaney-processed_checkpoints --ignore_columns mol_id --smiles_columns smiles
Args
{'activation': 'ReLU',
 'adding_h': False,
 'aggregation': 'mean',
 'aggregation_norm': 100,
 'atom_descriptor_scaling': True,
 'atom_descriptors': None,
 'atom_descriptors_path': None,
 'atom_descriptors_size': 0,
 'atom_features_size': 0,
 'atom_messages': False,
 'batch_size': 50,
 'bias': False,
 'bias_solvent': False,
 'bond_feature_scaling': True,
 'bond_features_path': None,
 'bond_features_size': 0,
 'cache_cutoff': 10000,
 'checkpoint_dir': None,
 'checkpoint_frzn': None,
 'checkpoint_path': None,
 'checkpoint_paths': None,
 'class_balance': False,
 'config_path': None,
 'crossval_index_dir': None,
 'crossval_index_file': None,
 'crossval_index_sets': None,
 'cuda': False,
 'data_path': './deepchem/datasets/delaney-processed.csv',
 'data_weights_path': None,
 'dataset_type': 'classification',
 'depth': 3,
 'depth_solvent': 3,
 'device': device(type='cpu'),
 'dropout': 0.0,
 'empty_cache': False,
 'ensemble_size': 1,
 'epochs': 30,
 'evidential_regularization': 0,
 'explicit_h': False,
 'extra_metrics': [],
 'features_generator': None,
 'features_only': False,
 'features_path': None,
 'features_scaling': True,
 'features_size': None,
 'ffn_hidden_size': 300,
 'ffn_num_layers': 2,
 'final_lr': 0.0001,
 'folds_file': None,
 'freeze_first_only': False,
 'frzn_ffn_layers': 0,
 'gpu': None,
 'grad_clip': None,
 'hidden_size': 300,
 'hidden_size_solvent': 300,
 'ignore_columns': ['mol_id'],
 'init_lr': 0.0001,
 'log_frequency': 10,
 'loss_function': 'binary_cross_entropy',
 'max_data_size': None,
 'max_lr': 0.001,
 'metric': 'auc',
 'metrics': ['auc'],
 'minimize_score': False,
 'mpn_shared': False,
 'multiclass_num_classes': 3,
 'no_atom_descriptor_scaling': False,
 'no_bond_features_scaling': False,
 'no_cache_mol': False,
 'no_cuda': False,
 'no_features_scaling': False,
 'num_folds': 1,
 'num_lrs': 1,
 'num_tasks': 9,
 'num_workers': 8,
 'number_of_molecules': 1,
 'overwrite_default_atom_features': False,
 'overwrite_default_bond_features': False,
 'phase_features_path': None,
 'pytorch_seed': 0,
 'quiet': False,
 'reaction': False,
 'reaction_mode': 'reac_diff',
 'reaction_solvent': False,
 'resume_experiment': False,
 'save_dir': 'delaney-processed_checkpoints',
 'save_preds': False,
 'save_smiles_splits': False,
 'seed': 0,
 'separate_test_atom_descriptors_path': None,
 'separate_test_bond_features_path': None,
 'separate_test_features_path': None,
 'separate_test_path': None,
 'separate_test_phase_features_path': None,
 'separate_val_atom_descriptors_path': None,
 'separate_val_bond_features_path': None,
 'separate_val_features_path': None,
 'separate_val_path': None,
 'separate_val_phase_features_path': None,
 'show_individual_scores': False,
 'smiles_columns': ['smiles'],
 'spectra_activation': 'exp',
 'spectra_phase_mask_path': None,
 'spectra_target_floor': 1e-08,
 'split_key_molecule': 0,
 'split_sizes': [0.8, 0.1, 0.1],
 'split_type': 'random',
 'target_columns': None,
 'target_weights': None,
 'task_names': ['Compound ID',
                'ESOL predicted log solubility in mols per litre',
                'Minimum Degree',
                'Molecular Weight',
                'Number of H-Bond Donors',
                'Number of Rings',
                'Number of Rotatable Bonds',
                'Polar Surface Area',
                'measured log solubility in mols per litre'],
 'test': False,
 'test_fold_index': None,
 'train_data_size': None,
 'undirected': False,
 'use_input_features': False,
 'val_fold_index': None,
 'warmup_epochs': 2.0}
Setting molecule featurization parameters to default.
Loading data
Command line
python /usr/local/bin/chemprop_train --data_path ./deepchem/datasets/delaney-processed.csv --dataset_type regression --save_dir delaney-processed_checkpoints --smiles_columns smiles --target_columns ESOL predicted log solubility in mols per litre
Args
{'activation': 'ReLU',
 'adding_h': False,
 'aggregation': 'mean',
 'aggregation_norm': 100,
 'atom_descriptor_scaling': True,
 'atom_descriptors': None,
 'atom_descriptors_path': None,
 'atom_descriptors_size': 0,
 'atom_features_size': 0,
 'atom_messages': False,
 'batch_size': 50,
 'bias': False,
 'bias_solvent': False,
 'bond_feature_scaling': True,
 'bond_features_path': None,
 'bond_features_size': 0,
 'cache_cutoff': 10000,
 'checkpoint_dir': None,
 'checkpoint_frzn': None,
 'checkpoint_path': None,
 'checkpoint_paths': None,
 'class_balance': False,
 'config_path': None,
 'crossval_index_dir': None,
 'crossval_index_file': None,
 'crossval_index_sets': None,
 'cuda': False,
 'data_path': './deepchem/datasets/delaney-processed.csv',
 'data_weights_path': None,
 'dataset_type': 'regression',
 'depth': 3,
 'depth_solvent': 3,
 'device': device(type='cpu'),
 'dropout': 0.0,
 'empty_cache': False,
 'ensemble_size': 1,
 'epochs': 30,
 'evidential_regularization': 0,
 'explicit_h': False,
 'extra_metrics': [],
 'features_generator': None,
 'features_only': False,
 'features_path': None,
 'features_scaling': True,
 'features_size': None,
 'ffn_hidden_size': 300,
 'ffn_num_layers': 2,
 'final_lr': 0.0001,
 'folds_file': None,
 'freeze_first_only': False,
 'frzn_ffn_layers': 0,
 'gpu': None,
 'grad_clip': None,
 'hidden_size': 300,
 'hidden_size_solvent': 300,
 'ignore_columns': None,
 'init_lr': 0.0001,
 'log_frequency': 10,
 'loss_function': 'mse',
 'max_data_size': None,
 'max_lr': 0.001,
 'metric': 'rmse',
 'metrics': ['rmse'],
 'minimize_score': True,
 'mpn_shared': False,
 'multiclass_num_classes': 3,
 'no_atom_descriptor_scaling': False,
 'no_bond_features_scaling': False,
 'no_cache_mol': False,
 'no_cuda': False,
 'no_features_scaling': False,
 'num_folds': 1,
 'num_lrs': 1,
 'num_tasks': 1,
 'num_workers': 8,
 'number_of_molecules': 1,
 'overwrite_default_atom_features': False,
 'overwrite_default_bond_features': False,
 'phase_features_path': None,
 'pytorch_seed': 0,
 'quiet': False,
 'reaction': False,
 'reaction_mode': 'reac_diff',
 'reaction_solvent': False,
 'resume_experiment': False,
 'save_dir': 'delaney-processed_checkpoints',
 'save_preds': False,
 'save_smiles_splits': False,
 'seed': 0,
 'separate_test_atom_descriptors_path': None,
 'separate_test_bond_features_path': None,
 'separate_test_features_path': None,
 'separate_test_path': None,
 'separate_test_phase_features_path': None,
 'separate_val_atom_descriptors_path': None,
 'separate_val_bond_features_path': None,
 'separate_val_features_path': None,
 'separate_val_path': None,
 'separate_val_phase_features_path': None,
 'show_individual_scores': False,
 'smiles_columns': ['smiles'],
 'spectra_activation': 'exp',
 'spectra_phase_mask_path': None,
 'spectra_target_floor': 1e-08,
 'split_key_molecule': 0,
 'split_sizes': [0.8, 0.1, 0.1],
 'split_type': 'random',
 'target_columns': ['ESOL predicted log solubility in mols per litre'],
 'target_weights': None,
 'task_names': ['ESOL predicted log solubility in mols per litre'],
 'test': False,
 'test_fold_index': None,
 'train_data_size': None,
 'undirected': False,
 'use_input_features': False,
 'val_fold_index': None,
 'warmup_epochs': 2.0}
Setting molecule featurization parameters to default.
Loading data
Number of tasks = 1
Fold 0
Splitting data with seed 0
Total size = 1,128 | train size = 902 | val size = 113 | test size = 113
Fitting scaler
Building model 0
MoleculeModel(
  (encoder): MPN(
    (encoder): ModuleList(
      (0): MPNEncoder(
        (dropout_layer): Dropout(p=0.0, inplace=False)
        (act_func): ReLU()
        (W_i): Linear(in_features=147, out_features=300, bias=False)
        (W_h): Linear(in_features=300, out_features=300, bias=False)
        (W_o): Linear(in_features=433, out_features=300, bias=True)
      )
    )
  )
  (ffn): Sequential(
    (0): Dropout(p=0.0, inplace=False)
    (1): Linear(in_features=300, out_features=300, bias=True)
    (2): ReLU()
    (3): Dropout(p=0.0, inplace=False)
    (4): Linear(in_features=300, out_features=1, bias=True)
  )
)
Number of parameters = 355,201
Epoch 0
Loss = 8.9269e-01, PNorm = 34.0171, GNorm = 2.1829, lr_0 = 3.7500e-04
Validation rmse = 1.337017
Epoch 1
Loss = 5.7704e-01, PNorm = 34.0456, GNorm = 7.6960, lr_0 = 6.5000e-04
Loss = 4.9072e-01, PNorm = 34.0804, GNorm = 11.1455, lr_0 = 9.0000e-04
Validation rmse = 1.019021
Epoch 2
Loss = 4.5467e-01, PNorm = 34.1298, GNorm = 6.6016, lr_0 = 9.6853e-04
Loss = 3.1581e-01, PNorm = 34.1707, GNorm = 2.7934, lr_0 = 9.2527e-04
Validation rmse = 0.777857
Epoch 3
Loss = 2.1191e-01, PNorm = 34.2163, GNorm = 1.6681, lr_0 = 8.7992e-04
Loss = 2.0483e-01, PNorm = 34.2552, GNorm = 3.1908, lr_0 = 8.4063e-04
Validation rmse = 0.997584
Epoch 4
Loss = 2.7561e-01, PNorm = 34.2795, GNorm = 7.0364, lr_0 = 7.9943e-04
Loss = 2.8336e-01, PNorm = 34.3029, GNorm = 3.5290, lr_0 = 7.6372e-04
Loss = 2.5882e-02, PNorm = 34.3048, GNorm = 2.0252, lr_0 = 7.6024e-04
Validation rmse = 0.708291
Epoch 5
Loss = 2.0813e-01, PNorm = 34.3313, GNorm = 1.6397, lr_0 = 7.2629e-04
Validation rmse = 0.657542
Epoch 6
Loss = 1.5228e-01, PNorm = 34.3580, GNorm = 3.0221, lr_0 = 6.9069e-04
Loss = 1.5227e-01, PNorm = 34.3803, GNorm = 3.6009, lr_0 = 6.5985e-04
Validation rmse = 0.570117
Epoch 7
Loss = 1.5551e-01, PNorm = 34.3981, GNorm = 1.8845, lr_0 = 6.2751e-04
Loss = 1.2274e-01, PNorm = 34.4137, GNorm = 3.2576, lr_0 = 5.9948e-04
Validation rmse = 0.547083
Epoch 8
Loss = 1.1135e-01, PNorm = 34.4264, GNorm = 2.3953, lr_0 = 5.7010e-04
Loss = 1.1098e-01, PNorm = 34.4426, GNorm = 1.3861, lr_0 = 5.4464e-04
Validation rmse = 0.611412
Epoch 9
Loss = 1.0770e-01, PNorm = 34.4552, GNorm = 1.4120, lr_0 = 5.1795e-04
Loss = 1.2408e-01, PNorm = 34.4691, GNorm = 5.6231, lr_0 = 4.9482e-04
Loss = 4.0022e-02, PNorm = 34.4699, GNorm = 2.2365, lr_0 = 4.9256e-04
Validation rmse = 0.526991
Epoch 10
Loss = 1.0605e-01, PNorm = 34.4825, GNorm = 3.4826, lr_0 = 4.7056e-04
Validation rmse = 0.627812
Epoch 11
Loss = 1.6458e-01, PNorm = 34.4921, GNorm = 3.7595, lr_0 = 4.4750e-04
Loss = 9.7785e-02, PNorm = 34.5046, GNorm = 1.7657, lr_0 = 4.2752e-04
Validation rmse = 0.500348
Epoch 12
Loss = 5.7083e-02, PNorm = 34.5169, GNorm = 1.8983, lr_0 = 4.0656e-04
Loss = 9.8699e-02, PNorm = 34.5254, GNorm = 1.5304, lr_0 = 3.8841e-04
Validation rmse = 0.452073
Epoch 13
Loss = 8.2033e-02, PNorm = 34.5374, GNorm = 2.4108, lr_0 = 3.6937e-04
Loss = 7.9043e-02, PNorm = 34.5481, GNorm = 1.4139, lr_0 = 3.5287e-04
Validation rmse = 0.514284
Epoch 14
Loss = 9.6116e-02, PNorm = 34.5583, GNorm = 2.8128, lr_0 = 3.3558e-04
Loss = 6.4387e-02, PNorm = 34.5688, GNorm = 0.9629, lr_0 = 3.2059e-04
Loss = 9.0719e-02, PNorm = 34.5694, GNorm = 4.1213, lr_0 = 3.1913e-04
Validation rmse = 0.454913
Epoch 15
Loss = 7.4227e-02, PNorm = 34.5767, GNorm = 4.4247, lr_0 = 3.0488e-04
Validation rmse = 0.484573
Epoch 16
Loss = 5.6164e-02, PNorm = 34.5872, GNorm = 2.6724, lr_0 = 2.8994e-04
Loss = 7.8732e-02, PNorm = 34.5947, GNorm = 4.9081, lr_0 = 2.7699e-04
Validation rmse = 0.434725
Epoch 17
Loss = 6.7512e-02, PNorm = 34.6035, GNorm = 2.2645, lr_0 = 2.6341e-04
Loss = 7.5745e-02, PNorm = 34.6118, GNorm = 1.4211, lr_0 = 2.5165e-04
Validation rmse = 0.454888
Epoch 18
Loss = 6.3048e-02, PNorm = 34.6203, GNorm = 2.6067, lr_0 = 2.3931e-04
Loss = 6.4309e-02, PNorm = 34.6268, GNorm = 1.0971, lr_0 = 2.2863e-04
Validation rmse = 0.459353
Epoch 19
Loss = 6.5288e-02, PNorm = 34.6345, GNorm = 2.6600, lr_0 = 2.1742e-04
Loss = 6.2695e-02, PNorm = 34.6399, GNorm = 1.8462, lr_0 = 2.0771e-04
Loss = 4.9278e-02, PNorm = 34.6402, GNorm = 4.5089, lr_0 = 2.0676e-04
Validation rmse = 0.408384
Epoch 20
Loss = 6.1042e-02, PNorm = 34.6460, GNorm = 0.4979, lr_0 = 1.9753e-04
Validation rmse = 0.436338
Epoch 21
Loss = 5.6599e-02, PNorm = 34.6527, GNorm = 0.6605, lr_0 = 1.8785e-04
Loss = 6.3067e-02, PNorm = 34.6572, GNorm = 0.8374, lr_0 = 1.7946e-04
Validation rmse = 0.429295
Epoch 22
Loss = 6.2485e-02, PNorm = 34.6634, GNorm = 2.9922, lr_0 = 1.7066e-04
Loss = 5.1239e-02, PNorm = 34.6680, GNorm = 2.5095, lr_0 = 1.6304e-04
Validation rmse = 0.403279
Epoch 23
Loss = 4.8498e-02, PNorm = 34.6733, GNorm = 1.3409, lr_0 = 1.5505e-04
Loss = 5.4870e-02, PNorm = 34.6781, GNorm = 1.0314, lr_0 = 1.4813e-04
Validation rmse = 0.432927
Epoch 24
Loss = 5.0381e-02, PNorm = 34.6829, GNorm = 1.1903, lr_0 = 1.4087e-04
Loss = 5.4360e-02, PNorm = 34.6874, GNorm = 1.7353, lr_0 = 1.3458e-04
Validation rmse = 0.415200
Epoch 25
Loss = 4.6656e-02, PNorm = 34.6913, GNorm = 3.0194, lr_0 = 1.2857e-04
Validation rmse = 0.402306
Epoch 26
Loss = 3.1676e-02, PNorm = 34.6957, GNorm = 2.4562, lr_0 = 1.2226e-04
Loss = 5.7601e-02, PNorm = 34.6990, GNorm = 2.3941, lr_0 = 1.1680e-04
Validation rmse = 0.403453
Epoch 27
Loss = 3.8101e-02, PNorm = 34.7034, GNorm = 1.1992, lr_0 = 1.1108e-04
Loss = 5.6886e-02, PNorm = 34.7066, GNorm = 2.3046, lr_0 = 1.0612e-04
Validation rmse = 0.401452
Epoch 28
Loss = 4.0132e-02, PNorm = 34.7101, GNorm = 0.8297, lr_0 = 1.0092e-04
Loss = 4.9963e-02, PNorm = 34.7141, GNorm = 0.9245, lr_0 = 1.0000e-04
Validation rmse = 0.410282
Epoch 29
Loss = 6.3060e-02, PNorm = 34.7170, GNorm = 2.0973, lr_0 = 1.0000e-04
Loss = 6.9447e-02, PNorm = 34.7200, GNorm = 3.9974, lr_0 = 1.0000e-04
Validation rmse = 0.491687
Model 0 best validation rmse = 0.401452 on epoch 27
Loading pretrained parameter "encoder.encoder.0.cached_zero_vector".
Loading pretrained parameter "encoder.encoder.0.W_i.weight".
Loading pretrained parameter "encoder.encoder.0.W_h.weight".
Loading pretrained parameter "encoder.encoder.0.W_o.weight".
Loading pretrained parameter "encoder.encoder.0.W_o.bias".
Loading pretrained parameter "ffn.1.weight".
Loading pretrained parameter "ffn.1.bias".
Loading pretrained parameter "ffn.4.weight".
Loading pretrained parameter "ffn.4.bias".
Model 0 test rmse = 0.597508
Ensemble test rmse = 0.597508
1-fold cross validation
	Seed 0 ==> test rmse = 0.597508
Overall test rmse = 0.597508 +/- 0.000000
Elapsed time = 0:01:08
