Command line
python /usr/local/bin/chemprop_train --data_path clintox.csv --dataset_type classification --save_dir clintox_checkpoints --smiles_columns smiles --ignore_columns mol_id --target_columns ('*', '')
Args
{'activation': 'ReLU',
 'adding_h': False,
 'aggregation': 'mean',
 'aggregation_norm': 100,
 'atom_descriptor_scaling': True,
 'atom_descriptors': None,
 'atom_descriptors_path': None,
 'atom_descriptors_size': 0,
 'atom_features_size': 0,
 'atom_messages': False,
 'batch_size': 50,
 'bias': False,
 'bias_solvent': False,
 'bond_feature_scaling': True,
 'bond_features_path': None,
 'bond_features_size': 0,
 'cache_cutoff': 10000,
 'checkpoint_dir': None,
 'checkpoint_frzn': None,
 'checkpoint_path': None,
 'checkpoint_paths': None,
 'class_balance': False,
 'config_path': None,
 'crossval_index_dir': None,
 'crossval_index_file': None,
 'crossval_index_sets': None,
 'cuda': False,
 'data_path': 'clintox.csv',
 'data_weights_path': None,
 'dataset_type': 'classification',
 'depth': 3,
 'depth_solvent': 3,
 'device': device(type='cpu'),
 'dropout': 0.0,
 'empty_cache': False,
 'ensemble_size': 1,
 'epochs': 30,
 'evidential_regularization': 0,
 'explicit_h': False,
 'extra_metrics': [],
 'features_generator': None,
 'features_only': False,
 'features_path': None,
 'features_scaling': True,
 'features_size': None,
 'ffn_hidden_size': 300,
 'ffn_num_layers': 2,
 'final_lr': 0.0001,
 'folds_file': None,
 'freeze_first_only': False,
 'frzn_ffn_layers': 0,
 'gpu': None,
 'grad_clip': None,
 'hidden_size': 300,
 'hidden_size_solvent': 300,
 'ignore_columns': ['mol_id'],
 'init_lr': 0.0001,
 'log_frequency': 10,
 'loss_function': 'binary_cross_entropy',
 'max_data_size': None,
 'max_lr': 0.001,
 'metric': 'auc',
 'metrics': ['auc'],
 'minimize_score': False,
 'mpn_shared': False,
 'multiclass_num_classes': 3,
 'no_atom_descriptor_scaling': False,
 'no_bond_features_scaling': False,
 'no_cache_mol': False,
 'no_cuda': False,
 'no_features_scaling': False,
 'num_folds': 1,
 'num_lrs': 1,
 'num_tasks': 1,
 'num_workers': 8,
 'number_of_molecules': 1,
 'overwrite_default_atom_features': False,
 'overwrite_default_bond_features': False,
 'phase_features_path': None,
 'pytorch_seed': 0,
 'quiet': False,
 'reaction': False,
 'reaction_mode': 'reac_diff',
 'reaction_solvent': False,
 'resume_experiment': False,
 'save_dir': 'clintox_checkpoints',
 'save_preds': False,
 'save_smiles_splits': False,
 'seed': 0,
 'separate_test_atom_descriptors_path': None,
 'separate_test_bond_features_path': None,
 'separate_test_features_path': None,
 'separate_test_path': None,
 'separate_test_phase_features_path': None,
 'separate_val_atom_descriptors_path': None,
 'separate_val_bond_features_path': None,
 'separate_val_features_path': None,
 'separate_val_path': None,
 'separate_val_phase_features_path': None,
 'show_individual_scores': False,
 'smiles_columns': ['smiles'],
 'spectra_activation': 'exp',
 'spectra_phase_mask_path': None,
 'spectra_target_floor': 1e-08,
 'split_key_molecule': 0,
 'split_sizes': [0.8, 0.1, 0.1],
 'split_type': 'random',
 'target_columns': ["('*', '')"],
 'target_weights': None,
 'task_names': ["('*', '')"],
 'test': False,
 'test_fold_index': None,
 'train_data_size': None,
 'undirected': False,
 'use_input_features': False,
 'val_fold_index': None,
 'warmup_epochs': 2.0}
Setting molecule featurization parameters to default.
Loading data
Command line
python /usr/local/bin/chemprop_train --data_path clintox.csv --dataset_type classification --save_dir clintox_checkpoints --smiles_columns smiles --ignore_columns mol_id
Args
{'activation': 'ReLU',
 'adding_h': False,
 'aggregation': 'mean',
 'aggregation_norm': 100,
 'atom_descriptor_scaling': True,
 'atom_descriptors': None,
 'atom_descriptors_path': None,
 'atom_descriptors_size': 0,
 'atom_features_size': 0,
 'atom_messages': False,
 'batch_size': 50,
 'bias': False,
 'bias_solvent': False,
 'bond_feature_scaling': True,
 'bond_features_path': None,
 'bond_features_size': 0,
 'cache_cutoff': 10000,
 'checkpoint_dir': None,
 'checkpoint_frzn': None,
 'checkpoint_path': None,
 'checkpoint_paths': None,
 'class_balance': False,
 'config_path': None,
 'crossval_index_dir': None,
 'crossval_index_file': None,
 'crossval_index_sets': None,
 'cuda': False,
 'data_path': 'clintox.csv',
 'data_weights_path': None,
 'dataset_type': 'classification',
 'depth': 3,
 'depth_solvent': 3,
 'device': device(type='cpu'),
 'dropout': 0.0,
 'empty_cache': False,
 'ensemble_size': 1,
 'epochs': 30,
 'evidential_regularization': 0,
 'explicit_h': False,
 'extra_metrics': [],
 'features_generator': None,
 'features_only': False,
 'features_path': None,
 'features_scaling': True,
 'features_size': None,
 'ffn_hidden_size': 300,
 'ffn_num_layers': 2,
 'final_lr': 0.0001,
 'folds_file': None,
 'freeze_first_only': False,
 'frzn_ffn_layers': 0,
 'gpu': None,
 'grad_clip': None,
 'hidden_size': 300,
 'hidden_size_solvent': 300,
 'ignore_columns': ['mol_id'],
 'init_lr': 0.0001,
 'log_frequency': 10,
 'loss_function': 'binary_cross_entropy',
 'max_data_size': None,
 'max_lr': 0.001,
 'metric': 'auc',
 'metrics': ['auc'],
 'minimize_score': False,
 'mpn_shared': False,
 'multiclass_num_classes': 3,
 'no_atom_descriptor_scaling': False,
 'no_bond_features_scaling': False,
 'no_cache_mol': False,
 'no_cuda': False,
 'no_features_scaling': False,
 'num_folds': 1,
 'num_lrs': 1,
 'num_tasks': 2,
 'num_workers': 8,
 'number_of_molecules': 1,
 'overwrite_default_atom_features': False,
 'overwrite_default_bond_features': False,
 'phase_features_path': None,
 'pytorch_seed': 0,
 'quiet': False,
 'reaction': False,
 'reaction_mode': 'reac_diff',
 'reaction_solvent': False,
 'resume_experiment': False,
 'save_dir': 'clintox_checkpoints',
 'save_preds': False,
 'save_smiles_splits': False,
 'seed': 0,
 'separate_test_atom_descriptors_path': None,
 'separate_test_bond_features_path': None,
 'separate_test_features_path': None,
 'separate_test_path': None,
 'separate_test_phase_features_path': None,
 'separate_val_atom_descriptors_path': None,
 'separate_val_bond_features_path': None,
 'separate_val_features_path': None,
 'separate_val_path': None,
 'separate_val_phase_features_path': None,
 'show_individual_scores': False,
 'smiles_columns': ['smiles'],
 'spectra_activation': 'exp',
 'spectra_phase_mask_path': None,
 'spectra_target_floor': 1e-08,
 'split_key_molecule': 0,
 'split_sizes': [0.8, 0.1, 0.1],
 'split_type': 'random',
 'target_columns': None,
 'target_weights': None,
 'task_names': ['FDA_APPROVED', 'CT_TOX'],
 'test': False,
 'test_fold_index': None,
 'train_data_size': None,
 'undirected': False,
 'use_input_features': False,
 'val_fold_index': None,
 'warmup_epochs': 2.0}
Setting molecule featurization parameters to default.
Loading data
Warning: 6 SMILES are invalid.
Number of tasks = 2
Fold 0
Splitting data with seed 0
Class sizes
FDA_APPROVED 0: 6.36%, 1: 93.64%
CT_TOX 0: 92.42%, 1: 7.58%
Total size = 1,478 | train size = 1,182 | val size = 148 | test size = 148
Building model 0
MoleculeModel(
  (sigmoid): Sigmoid()
  (encoder): MPN(
    (encoder): ModuleList(
      (0): MPNEncoder(
        (dropout_layer): Dropout(p=0.0, inplace=False)
        (act_func): ReLU()
        (W_i): Linear(in_features=147, out_features=300, bias=False)
        (W_h): Linear(in_features=300, out_features=300, bias=False)
        (W_o): Linear(in_features=433, out_features=300, bias=True)
      )
    )
  )
  (ffn): Sequential(
    (0): Dropout(p=0.0, inplace=False)
    (1): Linear(in_features=300, out_features=300, bias=True)
    (2): ReLU()
    (3): Dropout(p=0.0, inplace=False)
    (4): Linear(in_features=300, out_features=2, bias=True)
  )
)
Number of parameters = 355,502
Epoch 0
Loss = 5.3474e-01, PNorm = 34.0655, GNorm = 0.6376, lr_0 = 3.1522e-04
Loss = 2.8935e-01, PNorm = 34.0869, GNorm = 0.8705, lr_0 = 5.1087e-04
Validation auc = 0.503771
Epoch 1
Loss = 2.9669e-01, PNorm = 34.1036, GNorm = 0.3337, lr_0 = 7.2609e-04
Loss = 2.5383e-01, PNorm = 34.1381, GNorm = 0.8127, lr_0 = 9.2174e-04
Validation auc = 0.634952
Epoch 2
Loss = 2.8620e-01, PNorm = 34.1681, GNorm = 0.0931, lr_0 = 9.7878e-04
Loss = 2.5055e-01, PNorm = 34.2165, GNorm = 0.1688, lr_0 = 9.4440e-04
Loss = 2.2665e-01, PNorm = 34.2593, GNorm = 0.1485, lr_0 = 9.1123e-04
Loss = 2.0271e-01, PNorm = 34.2641, GNorm = 0.1502, lr_0 = 9.0798e-04
Validation auc = 0.753719
Epoch 3
Loss = 2.4818e-01, PNorm = 34.3229, GNorm = 0.1606, lr_0 = 8.7609e-04
Loss = 2.4049e-01, PNorm = 34.3865, GNorm = 0.1235, lr_0 = 8.4532e-04
Validation auc = 0.827702
Epoch 4
Loss = 1.8615e-01, PNorm = 34.4568, GNorm = 0.5322, lr_0 = 8.1563e-04
Loss = 2.3912e-01, PNorm = 34.5075, GNorm = 0.4320, lr_0 = 7.8698e-04
Validation auc = 0.854589
Epoch 5
Loss = 2.4852e-01, PNorm = 34.5930, GNorm = 0.2491, lr_0 = 7.5934e-04
Loss = 1.9256e-01, PNorm = 34.6767, GNorm = 1.0989, lr_0 = 7.3267e-04
Loss = 2.0294e-01, PNorm = 34.7521, GNorm = 0.1658, lr_0 = 7.0693e-04
Validation auc = 0.855027
Epoch 6
Loss = 1.8405e-01, PNorm = 34.8240, GNorm = 0.1512, lr_0 = 6.7967e-04
Loss = 2.0482e-01, PNorm = 34.8792, GNorm = 0.3380, lr_0 = 6.5580e-04
Validation auc = 0.863835
Epoch 7
Loss = 2.1450e-01, PNorm = 34.9380, GNorm = 0.3455, lr_0 = 6.3276e-04
Loss = 1.7506e-01, PNorm = 34.9811, GNorm = 0.1883, lr_0 = 6.1054e-04
Validation auc = 0.837960
Epoch 8
Loss = 3.0850e-01, PNorm = 35.0390, GNorm = 0.9347, lr_0 = 5.8910e-04
Loss = 1.6893e-01, PNorm = 35.0928, GNorm = 0.2072, lr_0 = 5.6841e-04
Loss = 1.9112e-01, PNorm = 35.1105, GNorm = 0.1781, lr_0 = 5.4844e-04
Validation auc = 0.881567
Epoch 9
Loss = 1.8949e-01, PNorm = 35.1596, GNorm = 0.5138, lr_0 = 5.2729e-04
Loss = 1.7811e-01, PNorm = 35.1842, GNorm = 0.1694, lr_0 = 5.0877e-04
Validation auc = 0.851256
Epoch 10
Loss = 1.8428e-01, PNorm = 35.2398, GNorm = 0.1583, lr_0 = 4.9090e-04
Loss = 1.5084e-01, PNorm = 35.2694, GNorm = 0.3171, lr_0 = 4.7366e-04
Loss = 1.8272e-01, PNorm = 35.3177, GNorm = 0.2736, lr_0 = 4.5702e-04
Validation auc = 0.852828
Epoch 11
Loss = 1.7513e-01, PNorm = 35.3613, GNorm = 0.2229, lr_0 = 4.4097e-04
Loss = 1.5623e-01, PNorm = 35.4134, GNorm = 0.5256, lr_0 = 4.2548e-04
Validation auc = 0.846939
Epoch 12
Loss = 1.6030e-01, PNorm = 35.4623, GNorm = 0.3351, lr_0 = 4.0907e-04
Loss = 1.8238e-01, PNorm = 35.5056, GNorm = 0.5411, lr_0 = 3.9471e-04
Validation auc = 0.856611
Epoch 13
Loss = 1.7981e-01, PNorm = 35.5546, GNorm = 0.2777, lr_0 = 3.8084e-04
Loss = 1.5022e-01, PNorm = 35.5899, GNorm = 0.4002, lr_0 = 3.6747e-04
Loss = 1.5317e-01, PNorm = 35.6386, GNorm = 0.2988, lr_0 = 3.5456e-04
Loss = 3.8254e-02, PNorm = 35.6438, GNorm = 0.5032, lr_0 = 3.5329e-04
Validation auc = 0.847350
Epoch 14
Loss = 1.5067e-01, PNorm = 35.6941, GNorm = 1.1380, lr_0 = 3.4089e-04
Loss = 1.6955e-01, PNorm = 35.7369, GNorm = 0.4882, lr_0 = 3.2891e-04
Validation auc = 0.828671
Epoch 15
Loss = 1.4628e-01, PNorm = 35.7755, GNorm = 0.3948, lr_0 = 3.1736e-04
Loss = 1.6631e-01, PNorm = 35.8156, GNorm = 0.1498, lr_0 = 3.0621e-04
Validation auc = 0.846045
Epoch 16
Loss = 2.3827e-01, PNorm = 35.8515, GNorm = 0.2169, lr_0 = 2.9546e-04
Loss = 1.1360e-01, PNorm = 35.8824, GNorm = 0.5700, lr_0 = 2.8508e-04
Loss = 1.4334e-01, PNorm = 35.9189, GNorm = 0.4846, lr_0 = 2.7507e-04
Validation auc = 0.848790
Epoch 17
Loss = 1.5503e-01, PNorm = 35.9648, GNorm = 0.7592, lr_0 = 2.6446e-04
Loss = 1.3554e-01, PNorm = 36.0065, GNorm = 1.2288, lr_0 = 2.5517e-04
Validation auc = 0.840102
Epoch 18
Loss = 1.1059e-01, PNorm = 36.0391, GNorm = 0.4727, lr_0 = 2.4621e-04
Loss = 1.4643e-01, PNorm = 36.0735, GNorm = 0.8355, lr_0 = 2.3756e-04
Validation auc = 0.829137
Epoch 19
Loss = 4.1156e-02, PNorm = 36.1121, GNorm = 0.3876, lr_0 = 2.2922e-04
Loss = 1.1505e-01, PNorm = 36.1441, GNorm = 1.7763, lr_0 = 2.2117e-04
Loss = 1.5377e-01, PNorm = 36.1747, GNorm = 0.4829, lr_0 = 2.1340e-04
Validation auc = 0.842926
Epoch 20
Loss = 1.1023e-01, PNorm = 36.1976, GNorm = 0.8961, lr_0 = 2.0517e-04
Loss = 1.4336e-01, PNorm = 36.2195, GNorm = 0.5254, lr_0 = 1.9796e-04
Validation auc = 0.840675
Epoch 21
Loss = 1.4037e-01, PNorm = 36.2480, GNorm = 0.5765, lr_0 = 1.9101e-04
Loss = 9.5103e-02, PNorm = 36.2756, GNorm = 0.4272, lr_0 = 1.8430e-04
Loss = 1.3190e-01, PNorm = 36.3041, GNorm = 1.4650, lr_0 = 1.7783e-04
Validation auc = 0.837770
Epoch 22
Loss = 1.2191e-01, PNorm = 36.3309, GNorm = 0.7476, lr_0 = 1.7158e-04
Loss = 9.2988e-02, PNorm = 36.3543, GNorm = 1.1115, lr_0 = 1.6556e-04
Validation auc = 0.827991
Epoch 23
Loss = 1.1625e-01, PNorm = 36.3807, GNorm = 0.7558, lr_0 = 1.5917e-04
Loss = 1.2876e-01, PNorm = 36.4040, GNorm = 0.3585, lr_0 = 1.5358e-04
Validation auc = 0.837464
Epoch 24
Loss = 7.7727e-02, PNorm = 36.4240, GNorm = 0.2858, lr_0 = 1.4819e-04
Loss = 8.9071e-02, PNorm = 36.4459, GNorm = 0.4266, lr_0 = 1.4298e-04
Loss = 1.3590e-01, PNorm = 36.4673, GNorm = 0.5375, lr_0 = 1.3796e-04
Validation auc = 0.837651
Epoch 25
Loss = 1.0561e-01, PNorm = 36.4854, GNorm = 0.8652, lr_0 = 1.3311e-04
Loss = 1.2361e-01, PNorm = 36.5008, GNorm = 1.4912, lr_0 = 1.2844e-04
Validation auc = 0.830589
Epoch 26
Loss = 1.0698e-01, PNorm = 36.5198, GNorm = 0.4206, lr_0 = 1.2349e-04
Loss = 7.9014e-02, PNorm = 36.5349, GNorm = 0.7927, lr_0 = 1.1915e-04
Validation auc = 0.842580
Epoch 27
Loss = 7.8573e-02, PNorm = 36.5516, GNorm = 0.7525, lr_0 = 1.1496e-04
Loss = 1.0672e-01, PNorm = 36.5674, GNorm = 0.4551, lr_0 = 1.1093e-04
Loss = 9.8785e-02, PNorm = 36.5816, GNorm = 1.2825, lr_0 = 1.0703e-04
Validation auc = 0.833454
Epoch 28
Loss = 1.1405e-01, PNorm = 36.5977, GNorm = 0.3507, lr_0 = 1.0290e-04
Loss = 9.0536e-02, PNorm = 36.6114, GNorm = 0.8677, lr_0 = 1.0000e-04
Validation auc = 0.826885
Epoch 29
Loss = 8.8785e-02, PNorm = 36.6264, GNorm = 0.5057, lr_0 = 1.0000e-04
Loss = 8.5777e-02, PNorm = 36.6410, GNorm = 0.5722, lr_0 = 1.0000e-04
Validation auc = 0.835479
Model 0 best validation auc = 0.881567 on epoch 8
Loading pretrained parameter "encoder.encoder.0.cached_zero_vector".
Loading pretrained parameter "encoder.encoder.0.W_i.weight".
Loading pretrained parameter "encoder.encoder.0.W_h.weight".
Loading pretrained parameter "encoder.encoder.0.W_o.weight".
Loading pretrained parameter "encoder.encoder.0.W_o.bias".
Loading pretrained parameter "ffn.1.weight".
Loading pretrained parameter "ffn.1.bias".
Loading pretrained parameter "ffn.4.weight".
Loading pretrained parameter "ffn.4.bias".
Model 0 test auc = 0.908661
Ensemble test auc = 0.908661
1-fold cross validation
	Seed 0 ==> test auc = 0.908661
Overall test auc = 0.908661 +/- 0.000000
Elapsed time = 0:02:31
